SF:lib\mediator.dart
DA:45,1
DA:50,1
DA:52,2
DA:53,3
DA:55,3
DA:56,1
DA:57,3
DA:61,1
DA:62,2
DA:63,3
DA:65,3
DA:68,1
DA:69,3
DA:72,1
DA:76,1
DA:77,4
DA:78,1
DA:79,2
DA:82,1
DA:83,4
DA:84,1
DA:85,2
DA:89,1
DA:92,1
DA:94,0
DA:97,3
DA:98,1
DA:99,1
DA:100,1
DA:101,1
DA:102,1
DA:103,1
DA:104,1
DA:114,1
DA:116,2
DA:119,1
DA:120,3
DA:122,1
DA:123,3
DA:125,1
DA:126,3
LF:41
LH:40
end_of_record
SF:lib\src\internals\i_domain_event.dart
DA:5,1
LF:1
LH:1
end_of_record
SF:lib\src\internals\pipeline.dart
DA:8,0
DA:9,0
DA:11,0
DA:15,0
DA:16,0
DA:17,0
DA:19,0
DA:20,0
DA:22,0
DA:26,0
LF:10
LH:0
end_of_record
SF:lib\src\internals\i_request.dart
DA:2,1
LF:1
LH:1
end_of_record
SF:lib\src\internals\failure.dart
DA:4,1
DA:10,1
LF:2
LH:2
end_of_record
SF:lib\src\extensions.dart
DA:2,1
DA:3,4
LF:2
LH:2
end_of_record
SF:lib\src\internals\i_command.dart
DA:4,0
LF:1
LH:0
end_of_record
SF:lib\src\internals\i_command_handler.dart
DA:7,0
LF:1
LH:0
end_of_record
SF:lib\src\internals\i_query.dart
DA:4,0
LF:1
LH:0
end_of_record
